<?xml version="1.0" encoding="UTF-8"?>
<!-- Generated by org.testng.reporters.JUnitXMLReporter -->
<testsuite hostname="DDC2-D-9TNG882" ignored="0" name="TC02" tests="6" failures="0" timestamp="19 Jul 2019 11:13:45 GMT" time="0.027" errors="0">
  <testcase name="method1" time="0.001" classname="pckg1.testsuite"/>
  <testcase name="method2" time="0.001" classname="pckg1.testsuite"/>
  <testcase name="method3" time="0.001" classname="pckg1.testsuite"/>
  <testcase name="method4" time="0.002" classname="pckg1.testsuite3"/>
  <testcase name="method5" time="0.002" classname="pckg1.testsuite3"/>
  <testcase name="method6" time="0.002" classname="pckg1.testsuite3"/>
</testsuite> <!-- TC02 -->
