<?xml version="1.0" encoding="UTF-8"?>
<!-- Generated by org.testng.reporters.JUnitXMLReporter -->
<testsuite hostname="DDC2-D-9TNG882" ignored="1" name="Test" tests="2" failures="0" timestamp="19 Jul 2019 11:13:45 GMT" time="0.069" errors="0">
  <testcase name="method1" time="0.018" classname="pckg1.testsuite"/>
  <testcase name="method2" time="0.004" classname="pckg1.testsuite"/>
  <testcase name="method3" time="0.0" classname="pckg1.testsuite">
    <ignored/>
  </testcase> <!-- method3 -->
</testsuite> <!-- Test -->
